#-----------------------------------------------------------
# PlanAhead v14.7 (64-bit)
# Build 321239 by xbuild on Fri Sep 27 19:29:51 MDT 2013
# Start of session at: Wed Dec 21 11:49:17 2022
# Process ID: 11420
# Log file: C:/Users/Sachintha/Desktop/OUSL/2022/EEX5351 Digital Electronic Sys/LAB/Lab 02/Code/AllEDL/planAhead_run_2/planAhead.log
# Journal file: C:/Users/Sachintha/Desktop/OUSL/2022/EEX5351 Digital Electronic Sys/LAB/Lab 02/Code/AllEDL/planAhead_run_2/planAhead.jou
#-----------------------------------------------------------
INFO: [Common 17-78] Attempting to get a license: PlanAhead
INFO: [Common 17-290] Got license for PlanAhead
INFO: [Device 21-36] Loading parts and site information from C:/Xilinx/14.7/ISE_DS/PlanAhead/data/parts/arch.xml
Parsing RTL primitives file [C:/Xilinx/14.7/ISE_DS/PlanAhead/data/parts/xilinx/rtl/prims/rtl_prims.xml]
Finished parsing RTL primitives file [C:/Xilinx/14.7/ISE_DS/PlanAhead/data/parts/xilinx/rtl/prims/rtl_prims.xml]
start_gui
source {C:/Users/Sachintha/Desktop/OUSL/2022/EEX5351 Digital Electronic Sys/LAB/Lab 02/Code/AllEDL/pa.fromHdl.tcl}
# create_project -name AllEDL -dir "C:/Users/Sachintha/Desktop/OUSL/2022/EEX5351 Digital Electronic Sys/LAB/Lab 02/Code/AllEDL/planAhead_run_2" -part xc3s700anfgg484-4
# set_param project.pinAheadLayout yes
# set srcset [get_property srcset [current_run -impl]]
# set_property target_constrs_file "ELD_TEST.ucf" [current_fileset -constrset]
Adding file 'C:/Users/Sachintha/Desktop/OUSL/2022/EEX5351 Digital Electronic Sys/LAB/Lab 02/Code/AllEDL/ELD_TEST.ucf' to fileset 'constrs_1'
# set hdlfile [add_files [list {EDL.vhd}]]
# set_property file_type VHDL $hdlfile
# set_property library work $hdlfile
# set_property top ELD_TEST $srcset
# add_files [list {ELD_TEST.ucf}] -fileset [get_property constrset [current_run]]
# open_rtl_design -part xc3s700anfgg484-4
Using Verific elaboration
Parsing VHDL file "C:/Xilinx/14.7/ISE_DS/PlanAhead/data/parts/xilinx/rtl/lib/synplify/synattr.vhd" into library synplify
Parsing VHDL file "C:/Xilinx/14.7/ISE_DS/PlanAhead/data/parts/xilinx/rtl/lib/synplify/synattr.vhd" into library synplify
Parsing VHDL file "C:/Users/Sachintha/Desktop/OUSL/2022/EEX5351 Digital Electronic Sys/LAB/Lab 02/Code/AllEDL/EDL.vhd" into library work
INFO: [Designutils 20-910] Reading macro library C:/Xilinx/14.7/ISE_DS/PlanAhead/data\./parts/xilinx/spartan3a/hd_int_macros.edn
Parsing EDIF File [C:/Xilinx/14.7/ISE_DS/PlanAhead/data\./parts/xilinx/spartan3a/hd_int_macros.edn]
Finished Parsing EDIF File [C:/Xilinx/14.7/ISE_DS/PlanAhead/data\./parts/xilinx/spartan3a/hd_int_macros.edn]
Loading clock regions from C:/Xilinx/14.7/ISE_DS/PlanAhead/data\parts/xilinx/spartan3a/spartan3a/xc3s700an/ClockRegion.xml
Loading clock buffers from C:/Xilinx/14.7/ISE_DS/PlanAhead/data\parts/xilinx/spartan3a/spartan3a/xc3s700an/ClockBuffers.xml
Loading package from C:/Xilinx/14.7/ISE_DS/PlanAhead/data\parts/xilinx/spartan3a/spartan3a/xc3s700an/fgg484/Package.xml
Loading io standards from C:/Xilinx/14.7/ISE_DS/PlanAhead/data\./parts/xilinx/spartan3a/IOStandards.xml
INFO: [Device 21-19] Loading pkg sso from C:/Xilinx/14.7/ISE_DS/PlanAhead/data\parts/xilinx/spartan3a/spartan3a/xc3s700an/fgg484/SSORules.xml
Loading list of drcs for the architecture : C:/Xilinx/14.7/ISE_DS/PlanAhead/data\./parts/xilinx/spartan3a/drc.xml
INFO: [Timing 38-77] Reading timing library C:/Xilinx/14.7/ISE_DS/PlanAhead/data\parts/xilinx/spartan3a/spartan3a/spartan3a-4.lib.
INFO: [Timing 38-34] Done reading timing library C:/Xilinx/14.7/ISE_DS/PlanAhead/data\parts/xilinx/spartan3a/spartan3a/spartan3a-4.lib.
Parsing UCF File [C:/Users/Sachintha/Desktop/OUSL/2022/EEX5351 Digital Electronic Sys/LAB/Lab 02/Code/AllEDL/ELD_TEST.ucf]
Finished Parsing UCF File [C:/Users/Sachintha/Desktop/OUSL/2022/EEX5351 Digital Electronic Sys/LAB/Lab 02/Code/AllEDL/ELD_TEST.ucf]
INFO: [Project 1-111] Unisim Transformation Summary:
No Unisim elements were transformed.

Phase 0 | Netlist Checksum: 46b335a3
open_rtl_design: Time (s): elapsed = 00:00:09 . Memory (MB): peak = 606.105 ; gain = 126.434
update_compile_order -fileset sim_1
exit
ERROR: [PlanAhead 12-106] *** Exception: ui.h.b: Found deleted key in HTclEventBroker. Verify if the classes listed here call cleanup()
HTclEvent: DEBUG_PORT_CONFIG_CHANGE   Classes: ui.views.aR 
HTclEvent: SIGNAL_MODIFY   Classes: ui.views.aR 
HTclEvent: SIGNAL_BUS_MODIFY   Classes: ui.views.aR 
HTclEvent: DEBUG_CORE_CONFIG_CHANGE   Classes: ui.views.aR 
 (See C:/Users/Sachintha/Desktop/OUSL/2022/EEX5351 Digital Electronic Sys/LAB/Lab 02/Code/AllEDL\planAhead_pid11420.debug)
ERROR: [Common 17-39] 'stop_gui' failed due to earlier errors.
INFO: [Common 17-206] Exiting PlanAhead at Wed Dec 21 11:49:47 2022...
INFO: [Common 17-83] Releasing license: PlanAhead
